0 silly argv {
0 silly argv   _: [ 'create' ],
0 silly argv   lernaVersion: '8.2.2',
0 silly argv   '$0': 'node_modules\\lerna\\dist\\cli.js',
0 silly argv   name: 'gamecenter'
0 silly argv }
1 notice cli v8.2.2
2 verbose packageConfigs Explicit "packages" configuration found in lerna.json. Resolving packages using the configured glob(s): ["packages/*"]
3 verbose rootPath C:\Users\MONSTER\Desktop\gamebuss
4 warn ENOREMOTE No git remote found, skipping repository property
5 error Error: canceled
5 error     at Interface.<anonymous> (C:\Users\MONSTER\Desktop\gamebuss\node_modules\read\dist\commonjs\read.js:89:21)
5 error     at Interface.emit (node:events:518:28)
5 error     at [_ttyWrite] [as _ttyWrite] (node:internal/readline/interface:1128:18)
5 error     at ReadStream.onkeypress (node:internal/readline/interface:267:20)
5 error     at ReadStream.emit (node:events:518:28)
5 error     at emitKeys (node:internal/readline/utils:370:14)
5 error     at emitKeys.next (<anonymous>)
5 error     at ReadStream.onData (node:internal/readline/emitKeypressEvents:64:36)
5 error     at ReadStream.emit (node:events:518:28)
